#
# There is insufficient memory for the Java Runtime Environment to continue.
# Native memory allocation (mmap) failed to map 134217728 bytes for G1 virtual space
# Possible reasons:
#   The system is out of physical RAM or swap space
#   The process is running with CompressedOops enabled, and the Java Heap may be blocking the growth of the native heap
# Possible solutions:
#   Reduce memory load on the system
#   Increase physical memory or swap space
#   Check if swap backing store is full
#   Decrease Java heap size (-Xmx/-Xms)
#   Decrease number of Java threads
#   Decrease Java thread stack sizes (-Xss)
#   Set larger code cache with -XX:ReservedCodeCacheSize=
#   JVM is running with Unscaled Compressed Oops mode in which the Java heap is
#     placed in the first 4GB address space. The Java Heap base address is the
#     maximum limit for the native heap growth. Please use -XX:HeapBaseMinAddress
#     to set the Java Heap base and to place the Java Heap above 4GB virtual address.
# This output file may be truncated or incomplete.
#
#  Out of Memory Error (os_windows.cpp:3466), pid=18720, tid=12976
#
# JRE version:  (16.0.2+7) (build )
# Java VM: OpenJDK 64-Bit Server VM (16.0.2+7-67, mixed mode, sharing, tiered, compressed oops, compressed class ptrs, g1 gc, windows-amd64)
# No core dump will be written. Minidumps are not enabled by default on client versions of Windows
#

---------------  S U M M A R Y ------------

Command Line: -ea -Didea.test.cyclic.buffer.size=1048576 -javaagent:C:\Program Files\JetBrains\IntelliJ IDEA 2021.2\lib\idea_rt.jar=50264:C:\Program Files\JetBrains\IntelliJ IDEA 2021.2\bin -Dfile.encoding=UTF-8 com.intellij.rt.junit.JUnitStarter -ideVersion5 -junit4 database.connection.SingletonConnectionTest

Host: Intel(R) Core(TM) i5-4590S CPU @ 3.00GHz, 4 cores, 7G,  Windows 10 , 64 bit Build 19041 (10.0.19041.1202)
Time: Fri Oct  8 19:25:25 2021 Közép-európai nyári iduild 19041 (10.0.19041.1202) elapsed time: 0.017589 seconds (0d 0h 0m 0s)

---------------  T H R E A D  ---------------

Current thread (0x0000021ded3dc7e0):  JavaThread "Unknown thread" [_thread_in_vm, id=12976, stack(0x000000af3b300000,0x000000af3b400000)]

Stack: [0x000000af3b300000,0x000000af3b400000]
Native frames: (J=compiled Java code, j=interpreted, Vv=VM code, C=native code)
V  [jvm.dll+0x6681ca]
V  [jvm.dll+0x7c9e69]
V  [jvm.dll+0x7cb61e]
V  [jvm.dll+0x7cbc73]
V  [jvm.dll+0x242c55]
V  [jvm.dll+0x664f89]
V  [jvm.dll+0x659b75]
V  [jvm.dll+0x2fbfbb]
V  [jvm.dll+0x3031b6]
V  [jvm.dll+0x35299e]
V  [jvm.dll+0x352bcf]
V  [jvm.dll+0x2d3028]
V  [jvm.dll+0x2d4264]
V  [jvm.dll+0x79c741]
V  [jvm.dll+0x360791]
V  [jvm.dll+0x77a3f0]
V  [jvm.dll+0x3e4e8f]
V  [jvm.dll+0x3e6961]
C  [jli.dll+0x52fb]
C  [ucrtbase.dll+0x21bb2]
C  [KERNEL32.DLL+0x17034]
C  [ntdll.dll+0x52651]


---------------  P R O C E S S  ---------------

Threads class SMR info:
_java_thread_list=0x00007ffc4ce0cbb8, length=0, elements={
}

Java Threads: ( => current thread )

Other Threads:
  0x0000021ded41b130 GCTaskThread "GC Thread#0" [stack: 0x000000af3b400000,0x000000af3b500000] [id=1036]
  0x0000021ded42be30 ConcurrentGCThread "G1 Main Marker" [stack: 0x000000af3b500000,0x000000af3b600000] [id=12904]
  0x0000021ded42e050 ConcurrentGCThread "G1 Conc#0" [stack: 0x000000af3b600000,0x000000af3b700000] [id=13664]

[error occurred during error reporting (printing all threads), id 0xc0000005, EXCEPTION_ACCESS_VIOLATION (0xc0000005) at pc=0x00007ffc4c5e3ee7]

VM state: not at safepoint (not fully initialized)

VM Mutex/Monitor currently owned by a thread:  ([mutex/lock_event])
[0x0000021ded3d8430] Heap_lock - owner thread: 0x0000021ded3dc7e0

Heap address: 0x0000000081a00000, size: 2022 MB, Compressed Oops mode: 32-bit

CDS archive(s) mapped at: [0x0000000000000000-0x0000000000000000-0x0000000000000000), size 0, SharedBaseAddress: 0x0000000800000000, ArchiveRelocationMode: 0.
Narrow klass base: 0x0000000000000000, Narrow klass shift: 0, Narrow klass range: 0x0

GC Precious Log:
<Empty>

Heap:
 garbage-first heap   total 0K, used 0K [0x0000000081a00000, 0x0000000100000000)
  region size 1024K, 0 young (0K), 0 survivors (0K)

[error occurred during error reporting (printing heap information), id 0xc0000005, EXCEPTION_ACCESS_VIOLATION (0xc0000005) at pc=0x00007ffc4c9c1eed]

GC Heap History (0 events):
No events

Deoptimization events (0 events):
No events

Classes unloaded (0 events):
No events

Classes redefined (0 events):
No events

Internal exceptions (0 events):
No events

Events (1 events):
Event: 0.008 Loaded shared library C:\Users\Computer\.jdks\openjdk-16.0.2\bin\java.dll


Dynamic libraries:
0x00007ff6b2d30000 - 0x00007ff6b2d3e000 	C:\Users\Computer\.jdks\openjdk-16.0.2\bin\java.exe
0x00007ffcab3f0000 - 0x00007ffcab5e5000 	C:\Windows\SYSTEM32\ntdll.dll
0x00007ffca9440000 - 0x00007ffca94fe000 	C:\Windows\System32\KERNEL32.DLL
0x00007ffca8ba0000 - 0x00007ffca8e69000 	C:\Windows\System32\KERNELBASE.dll
0x00007ffc9aa40000 - 0x00007ffc9aa58000 	C:\Users\Computer\.jdks\openjdk-16.0.2\bin\jli.dll
0x00007ffca9000000 - 0x00007ffca9100000 	C:\Windows\System32\ucrtbase.dll
0x00007ffca95e0000 - 0x00007ffca9781000 	C:\Windows\System32\USER32.dll
0x00007ffca92c0000 - 0x00007ffca92e2000 	C:\Windows\System32\win32u.dll
0x00007ffca9db0000 - 0x00007ffca9ddb000 	C:\Windows\System32\GDI32.dll
0x00007ffc93dd0000 - 0x00007ffc93de9000 	C:\Users\Computer\.jdks\openjdk-16.0.2\bin\VCRUNTIME140.dll
0x00007ffca91b0000 - 0x00007ffca92bb000 	C:\Windows\System32\gdi32full.dll
0x00007ffc9e0a0000 - 0x00007ffc9e33a000 	C:\Windows\WinSxS\amd64_microsoft.windows.common-controls_6595b64144ccf1df_6.0.19041.1110_none_60b5254171f9507e\COMCTL32.dll
0x00007ffca9b00000 - 0x00007ffca9b9e000 	C:\Windows\System32\msvcrt.dll
0x00007ffca93a0000 - 0x00007ffca943d000 	C:\Windows\System32\msvcp_win.dll
0x00007ffcaa5f0000 - 0x00007ffcaa620000 	C:\Windows\System32\IMM32.DLL
0x00007ffc98dd0000 - 0x00007ffc98ddc000 	C:\Users\Computer\.jdks\openjdk-16.0.2\bin\vcruntime140_1.dll
0x00007ffc76300000 - 0x00007ffc76391000 	C:\Users\Computer\.jdks\openjdk-16.0.2\bin\msvcp140.dll
0x00007ffc4c300000 - 0x00007ffc4ceab000 	C:\Users\Computer\.jdks\openjdk-16.0.2\bin\server\jvm.dll
0x00007ffcab300000 - 0x00007ffcab3ac000 	C:\Windows\System32\ADVAPI32.dll
0x00007ffcaae70000 - 0x00007ffcaaf0b000 	C:\Windows\System32\sechost.dll
0x00007ffcaa380000 - 0x00007ffcaa4aa000 	C:\Windows\System32\RPCRT4.dll
0x00007ffca9af0000 - 0x00007ffca9af8000 	C:\Windows\System32\PSAPI.DLL
0x00007ffca41a0000 - 0x00007ffca41a9000 	C:\Windows\SYSTEM32\WSOCK32.dll
0x00007ffcaa580000 - 0x00007ffcaa5eb000 	C:\Windows\System32\WS2_32.dll
0x00007ffc9e510000 - 0x00007ffc9e537000 	C:\Windows\SYSTEM32\WINMM.dll
0x00007ffc9f7d0000 - 0x00007ffc9f7da000 	C:\Windows\SYSTEM32\VERSION.dll
0x00007ffca6a30000 - 0x00007ffca6a42000 	C:\Windows\SYSTEM32\kernel.appcore.dll
0x00007ffc98a90000 - 0x00007ffc98a9a000 	C:\Users\Computer\.jdks\openjdk-16.0.2\bin\jimage.dll
0x00007ffca2860000 - 0x00007ffca2a44000 	C:\Windows\SYSTEM32\DBGHELP.DLL
0x00007ffca23b0000 - 0x00007ffca23dc000 	C:\Windows\SYSTEM32\dbgcore.DLL
0x00007ffca8b10000 - 0x00007ffca8b93000 	C:\Windows\System32\bcryptPrimitives.dll
0x00007ffc9aa80000 - 0x00007ffc9aa8e000 	C:\Users\Computer\.jdks\openjdk-16.0.2\bin\instrument.dll
0x00007ffc8c4b0000 - 0x00007ffc8c4d5000 	C:\Users\Computer\.jdks\openjdk-16.0.2\bin\java.dll

dbghelp: loaded successfully - version: 4.0.5 - missing functions: none
symbol engine: initialized successfully - sym options: 0x614 - pdb path: .;C:\Users\Computer\.jdks\openjdk-16.0.2\bin;C:\Windows\SYSTEM32;C:\Windows\WinSxS\amd64_microsoft.windows.common-controls_6595b64144ccf1df_6.0.19041.1110_none_60b5254171f9507e;C:\Users\Computer\.jdks\openjdk-16.0.2\bin\server

VM Arguments:
jvm_args: -ea -Didea.test.cyclic.buffer.size=1048576 -javaagent:C:\Program Files\JetBrains\IntelliJ IDEA 2021.2\lib\idea_rt.jar=50264:C:\Program Files\JetBrains\IntelliJ IDEA 2021.2\bin -Dfile.encoding=UTF-8 
java_command: com.intellij.rt.junit.JUnitStarter -ideVersion5 -junit4 database.connection.SingletonConnectionTest
java_class_path (initial): C:\Program Files\JetBrains\IntelliJ IDEA 2021.2\lib\idea_rt.jar;C:\Program Files\JetBrains\IntelliJ IDEA 2021.2\plugins\junit\lib\junit5-rt.jar;C:\Program Files\JetBrains\IntelliJ IDEA 2021.2\plugins\junit\lib\junit-rt.jar;C:\Users\Computer\Documents\Java\Progmatic\BlogDatabase\target\test-classes;C:\Users\Computer\Documents\Java\Progmatic\BlogDatabase\target\classes;C:\Users\Computer\.m2\repository\org\projectlombok\lombok\1.18.20\lombok-1.18.20.jar;C:\Users\Computer\.m2\repository\mysql\mysql-connector-java\8.0.26\mysql-connector-java-8.0.26.jar;C:\Users\Computer\.m2\repository\com\google\protobuf\protobuf-java\3.11.4\protobuf-java-3.11.4.jar;C:\Users\Computer\.m2\repository\junit\junit\4.13.1\junit-4.13.1.jar;C:\Users\Computer\.m2\repository\org\hamcrest\hamcrest-core\1.3\hamcrest-core-1.3.jar;C:\Users\Computer\.m2\repository\org\mockito\mockito-all\1.10.19\mockito-all-1.10.19.jar
Launcher Type: SUN_STANDARD

[Global flags]
     intx CICompilerCount                          = 3                                         {product} {ergonomic}
     uint ConcGCThreads                            = 1                                         {product} {ergonomic}
     uint G1ConcRefinementThreads                  = 4                                         {product} {ergonomic}
   size_t G1HeapRegionSize                         = 1048576                                   {product} {ergonomic}
    uintx GCDrainStackTargetSize                   = 64                                        {product} {ergonomic}
   size_t InitialHeapSize                          = 134217728                                 {product} {ergonomic}
   size_t MarkStackSize                            = 4194304                                   {product} {ergonomic}
   size_t MaxHeapSize                              = 2120220672                                {product} {ergonomic}
   size_t MinHeapDeltaBytes                        = 1048576                                   {product} {ergonomic}
   size_t MinHeapSize                              = 8388608                                   {product} {ergonomic}
    uintx NonNMethodCodeHeapSize                   = 5832780                                {pd product} {ergonomic}
    uintx NonProfiledCodeHeapSize                  = 122912730                              {pd product} {ergonomic}
    uintx ProfiledCodeHeapSize                     = 122912730                              {pd product} {ergonomic}
    uintx ReservedCodeCacheSize                    = 251658240                              {pd product} {ergonomic}
     bool SegmentedCodeCache                       = true                                      {product} {ergonomic}
   size_t SoftMaxHeapSize                          = 2120220672                             {manageable} {ergonomic}
     bool UseCompressedClassPointers               = true                           {product lp64_product} {ergonomic}
     bool UseCompressedOops                        = true                           {product lp64_product} {ergonomic}
     bool UseG1GC                                  = true                                      {product} {ergonomic}
     bool UseLargePagesIndividualAllocation        = false                                  {pd product} {ergonomic}

Logging:
Log output configuration:
 #0: stdout all=warning uptime,level,tags
 #1: stderr all=off uptime,level,tags

Environment Variables:
PATH=C:\Program Files\Eclipse Foundation\jdk-16.0.2.7-hotspot\bin;C:\Program Files\Eclipse Foundation\jdk-11.0.12.7-hotspot\bin;C:\Program Files (x86)\Common Files\Oracle\Java\javapath;C:\Windows\system32;C:\Windows;C:\Windows\System32\Wbem;C:\Windows\System32\WindowsPowerShell\v1.0\;C:\Windows\System32\OpenSSH\;C:\Program Files\Git\cmd;C:\Program Files\Microsoft SQL Server\130\Tools\Binn\;C:\Program Files\Microsoft SQL Server\Client SDK\ODBC\170\Tools\Binn\;C:\Program Files\Java\apache-maven-3.8.2-bin\apache-maven-3.8.2\bin;%GROOVY_HOME%bin;C:\Users\Computer\Desktop\Groovy\apache-groovy-sdk-3.0.9\groovy-3.0.9\bin;C:\Users\Computer\Desktop\gradle-6.9.1-bin\gradle-6.9.1\bin;C:\Users\Computer\Desktop\SpringBootCLI\spring-boot-cli-2.5.5-bin\spring-2.5.5\bin;C:\Program Files\dotnet\;C:\Program Files\MySQL\MySQL Shell 8.0\bin\;C:\Users\Computer\AppData\Local\Microsoft\WindowsApps;C:\Users\Computer\AppData\Local\Programs\Microsoft VS Code\bin;C:\Program Files\JetBrains\PyCharm 2021.2\bin;C:\Users\Computer\AppData\Local\GitHubDesktop\bin;C:\Program Files\JetBrains\IntelliJ IDEA 2021.2\bin;C:\Users\Computer\.dotnet\tools;C:\Program Files\JetBrains\IntelliJ IDEA Educational Edition 2021.2.1\bin
USERNAME=root
OS=Windows_NT
PROCESSOR_IDENTIFIER=Intel64 Family 6 Model 60 Stepping 3, GenuineIntel



---------------  S Y S T E M  ---------------

OS:
 Windows 10 , 64 bit Build 19041 (10.0.19041.1202)
OS uptime: 20 days 2:24 hours

CPU: total 4 (initial active 4) (4 cores per cpu, 1 threads per core) family 6 model 60 stepping 3 microcode 0x27, cx8, cmov, fxsr, mmx, sse, sse2, sse3, ssse3, sse4.1, sse4.2, popcnt, lzcnt, tsc, tscinvbit, avx, avx2, aes, erms, clmul, bmi1, bmi2, fma, vzeroupper, clflush

Memory: 4k page, system-wide physical 8082M (777M free)
TotalPageFile size 14343M (AvailPageFile size 78M)
current process WorkingSet (physical memory assigned to process): 10M, peak: 10M
current process commit charge ("private bytes"): 51M, peak: 179M

vm_info: OpenJDK 64-Bit Server VM (16.0.2+7-67) for windows-amd64 JRE (16.0.2+7-67), built on Jun  8 2021 23:21:43 by "mach5one" with MS VC++ 16.7 (VS2019)

END.
